<?xml version="1.0" encoding="UTF-8"?>
<!-- Generated by org.testng.reporters.JUnitReportReporter -->
<testsuite hostname="DESKTOP-GTM5910" failures="0" tests="3" name="advance.AddAttachment" time="3.049" errors="0" timestamp="2023-08-15T13:55:34 IST" skipped="0">
  <testcase classname="advance.AddAttachment" name="logintoJira" time="1.459"/>
  <testcase classname="advance.AddAttachment" name="Createuserstory" time="0.410"/>
  <testcase classname="advance.AddAttachment" name="addAttachment" time="1.180"/>
</testsuite> <!-- advance.AddAttachment -->
