<?xml version="1.0" encoding="UTF-8"?>
<!-- Generated by org.testng.reporters.JUnitReportReporter -->
<testsuite hostname="DESKTOP-GTM5910" failures="0" tests="2" name="test.StdLogin" time="1.936" errors="0" timestamp="2023-08-15T09:01:49 IST" skipped="0">
  <testcase classname="test.StdLogin" name="loginstory" time="1.639"/>
  <testcase classname="test.StdLogin" name="createuserstory" time="0.297"/>
</testsuite> <!-- test.StdLogin -->
