<?xml version="1.0" encoding="UTF-8"?>
<!-- Generated by org.testng.reporters.JUnitReportReporter -->
<testsuite hostname="DESKTOP-GTM5910" failures="0" tests="5" name="test.Login" time="4.524" errors="0" timestamp="2023-08-10T22:50:54 IST" skipped="0">
  <testcase classname="test.Login" name="login" time="1.725"/>
  <testcase classname="test.Login" name="createUserstory" time="1.891"/>
  <testcase classname="test.Login" name="getuserstory" time="0.313"/>
  <testcase classname="test.Login" name="updateUserstory" time="0.183"/>
  <testcase classname="test.Login" name="deleteuserstory" time="0.412"/>
</testsuite> <!-- test.Login -->
